<?xml version="1.0" encoding="UTF-8"?>
<testng-results ignored="0" total="1" passed="1" failed="0" skipped="0">
  <reporter-output>
  </reporter-output>
  <suite started-at="2023-05-24T17:50:50 IST" name="Default suite" finished-at="2023-05-24T17:51:34 IST" duration-ms="44661">
    <groups>
    </groups>
    <test started-at="2023-05-24T17:50:50 IST" name="Default test" finished-at="2023-05-24T17:51:34 IST" duration-ms="44661">
      <class name="com.mohs10.scripts.HomeTest">
        <test-method is-config="true" signature="generateReport()[pri:0, instance:com.mohs10.scripts.HomeTest@74f0ea28]" started-at="2023-05-24T17:50:50 IST" name="generateReport" finished-at="2023-05-24T17:50:50 IST" duration-ms="377" status="PASS">
          <reporter-output>
          </reporter-output>
        </test-method> <!-- generateReport -->
        <test-method is-config="true" signature="beforeClass()[pri:0, instance:com.mohs10.scripts.HomeTest@74f0ea28]" started-at="2023-05-24T17:50:50 IST" name="beforeClass" finished-at="2023-05-24T17:51:00 IST" duration-ms="9312" status="PASS">
          <reporter-output>
          </reporter-output>
        </test-method> <!-- beforeClass -->
        <test-method is-config="true" signature="methodName(java.lang.reflect.Method)[pri:0, instance:com.mohs10.scripts.HomeTest@74f0ea28]" started-at="2023-05-24T17:51:00 IST" name="methodName" finished-at="2023-05-24T17:51:00 IST" duration-ms="17" status="PASS">
          <params>
            <param index="0">
              <value>
                <![CDATA[public void com.mohs10.scripts.HomeTest.LoginTestCase3() throws java.lang.Exception]]>
              </value>
            </param>
          </params>
          <reporter-output>
          </reporter-output>
        </test-method> <!-- methodName -->
        <test-method signature="LoginTestCase3()[pri:0, instance:com.mohs10.scripts.HomeTest@74f0ea28]" started-at="2023-05-24T17:51:00 IST" name="LoginTestCase3" finished-at="2023-05-24T17:51:32 IST" duration-ms="32848" status="PASS">
          <reporter-output>
          </reporter-output>
        </test-method> <!-- LoginTestCase3 -->
        <test-method is-config="true" signature="afterClass()[pri:0, instance:com.mohs10.scripts.HomeTest@74f0ea28]" started-at="2023-05-24T17:51:32 IST" name="afterClass" finished-at="2023-05-24T17:51:34 IST" duration-ms="2052" status="PASS">
          <reporter-output>
          </reporter-output>
        </test-method> <!-- afterClass -->
      </class> <!-- com.mohs10.scripts.HomeTest -->
    </test> <!-- Default test -->
  </suite> <!-- Default suite -->
</testng-results>
